0 info it worked if it ends with ok
1 verbose cli [ '/usr/local/bin/node', '/usr/local/bin/npm', 'start' ]
2 info using npm@3.6.0
3 info using node@v5.7.1
4 verbose run-script [ 'prestart', 'start', 'poststart' ]
5 info lifecycle angular-quickstart@1.0.0~prestart: angular-quickstart@1.0.0
6 silly lifecycle angular-quickstart@1.0.0~prestart: no script for prestart, continuing
7 info lifecycle angular-quickstart@1.0.0~start: angular-quickstart@1.0.0
8 verbose lifecycle angular-quickstart@1.0.0~start: unsafe-perm in lifecycle true
9 verbose lifecycle angular-quickstart@1.0.0~start: PATH: /usr/local/lib/node_modules/npm/bin/node-gyp-bin:/Users/eirik/git/WebProgramming/IndexedDbPerformance/node_modules/.bin:/Library/Frameworks/Python.framework/Versions/3.5/bin:/Users/eirik/.dnx/runtimes/dnx-coreclr-darwin-x64.1.0.0-rc1-update1/bin:/Users/eirik/.dnx/bin:/usr/local/bin:/usr/bin:/bin:/usr/sbin:/sbin:/usr/local/share/dotnet:/usr/local/git/bin:/usr/local/go/bin
10 verbose lifecycle angular-quickstart@1.0.0~start: CWD: /Users/eirik/git/WebProgramming/IndexedDbPerformance
11 silly lifecycle angular-quickstart@1.0.0~start: Args: [ '-c', 'concurrently "npm run tsc:w" "npm run lite" ' ]
12 info lifecycle angular-quickstart@1.0.0~start: Failed to exec start script
13 verbose stack Error: angular-quickstart@1.0.0 start: `concurrently "npm run tsc:w" "npm run lite" `
13 verbose stack spawn ENOENT
13 verbose stack     at ChildProcess.<anonymous> (/usr/local/lib/node_modules/npm/lib/utils/spawn.js:17:16)
13 verbose stack     at emitTwo (events.js:100:13)
13 verbose stack     at ChildProcess.emit (events.js:185:7)
13 verbose stack     at maybeClose (internal/child_process.js:827:16)
13 verbose stack     at Process.ChildProcess._handle.onexit (internal/child_process.js:211:5)
14 verbose pkgid angular-quickstart@1.0.0
15 verbose cwd /Users/eirik/git/WebProgramming/IndexedDbPerformance
16 error Darwin 16.1.0
17 error argv "/usr/local/bin/node" "/usr/local/bin/npm" "start"
18 error node v5.7.1
19 error npm  v3.6.0
20 error file sh
21 error code ELIFECYCLE
22 error errno ENOENT
23 error syscall spawn
24 error angular-quickstart@1.0.0 start: `concurrently "npm run tsc:w" "npm run lite" `
24 error spawn ENOENT
25 error Failed at the angular-quickstart@1.0.0 start script 'concurrently "npm run tsc:w" "npm run lite" '.
25 error Make sure you have the latest version of node.js and npm installed.
25 error If you do, this is most likely a problem with the angular-quickstart package,
25 error not with npm itself.
25 error Tell the author that this fails on your system:
25 error     concurrently "npm run tsc:w" "npm run lite"
25 error You can get information on how to open an issue for this project with:
25 error     npm bugs angular-quickstart
25 error Or if that isn't available, you can get their info via:
25 error     npm owner ls angular-quickstart
25 error There is likely additional logging output above.
26 verbose exit [ 1, true ]
